
=== Mon Mar  4 15:01:53 2019

Packages were changed.
Update Mode: updateDependencies

The following packages were added:
  com.unity.collab-proxy@1.2.15
The following packages were updated:
  com.unity.package-manager-ui from version 1.9.11 to 2.0.3

=== Wed Dec 11 13:06:09 2019

Packages were changed.
Update Mode: updateDependencies

The following packages were updated:
  com.unity.ide.vscode from version 1.0.7 to 1.1.3
  com.unity.timeline from version 1.1.0 to 1.2.6
The following packages were removed:
  com.unity.package-manager-ui@2.2.0

=== Sun Mar  1 12:48:52 2020

Packages were changed.
Update Mode: updateDependencies

The following packages were updated:
  com.unity.ide.vscode from version 1.1.3 to 1.1.4
  com.unity.timeline from version 1.2.6 to 1.2.12

=== Mon Jun  1 16:23:11 2020

Packages were changed.
Update Mode: updateDependencies

The following packages were updated:
  com.unity.ide.vscode from version 1.1.4 to 1.2.0

=== Sat Sep 17 16:23:58 2022

Packages were changed.
Update Mode: updateDependencies

The following packages were added:
  com.unity.ide.visualstudio@2.0.15

=== Fri Jun  9 11:50:21 2023

Packages were changed.
Update Mode: updateDependencies

The following packages were added:
  com.unity.ai.navigation@1.1.3
The following packages were updated:
  com.unity.ide.rider from version 3.0.15 to 3.0.21
  com.unity.ide.visualstudio from version 2.0.15 to 2.0.18
  com.unity.render-pipelines.universal from version 12.1.7 to 14.0.7
  com.unity.toolchain.macos-x86_64-linux-x86_64 from version 2.0.2 to 2.0.4
